0 info it worked if it ends with ok
1 verbose cli [ '/usr/local/Cellar/node/5.8.0/bin/node',
1 verbose cli   '/usr/local/bin/npm',
1 verbose cli   'publish' ]
2 info using npm@3.7.3
3 info using node@v5.8.0
4 verbose publish [ '.' ]
5 silly cache add args [ '.', null ]
6 verbose cache add spec .
7 silly cache add parsed spec Result {
7 silly cache add   raw: '.',
7 silly cache add   scope: null,
7 silly cache add   name: null,
7 silly cache add   rawSpec: '.',
7 silly cache add   spec: '/Users/vrbethi/Documents/projects/courses/articles',
7 silly cache add   type: 'directory' }
8 verbose addLocalDirectory /Users/vrbethi/.npm/articles/1.0.0/package.tgz not in flight; packing
9 verbose correctMkdir /Users/vrbethi/.npm correctMkdir not in flight; initializing
10 info lifecycle articles@1.0.0~prepublish: articles@1.0.0
11 silly lifecycle articles@1.0.0~prepublish: no script for prepublish, continuing
12 verbose tar pack [ '/Users/vrbethi/.npm/articles/1.0.0/package.tgz',
12 verbose tar pack   '/Users/vrbethi/Documents/projects/courses/articles' ]
13 verbose tarball /Users/vrbethi/.npm/articles/1.0.0/package.tgz
14 verbose folder /Users/vrbethi/Documents/projects/courses/articles
15 verbose addLocalTarball adding from inside cache /Users/vrbethi/.npm/articles/1.0.0/package.tgz
16 verbose correctMkdir /Users/vrbethi/.npm correctMkdir not in flight; initializing
17 silly cache afterAdd articles@1.0.0
18 verbose afterAdd /Users/vrbethi/.npm/articles/1.0.0/package/package.json not in flight; writing
19 verbose correctMkdir /Users/vrbethi/.npm correctMkdir not in flight; initializing
20 verbose afterAdd /Users/vrbethi/.npm/articles/1.0.0/package/package.json written
21 silly publish { name: 'articles',
21 silly publish   version: '1.0.0',
21 silly publish   description: 'List of articles',
21 silly publish   main: 'src/index.js',
21 silly publish   scripts: { test: 'echo "Error: no test specified" && exit 1' },
21 silly publish   repository:
21 silly publish    { type: 'git',
21 silly publish      url: 'git+https://github.com/rambethina/articles.git' },
21 silly publish   keywords: [ 'List', 'of', 'Articles' ],
21 silly publish   author: { name: 'ram bethina' },
21 silly publish   license: 'MIT',
21 silly publish   bugs: { url: 'https://github.com/rambethina/articles/issues' },
21 silly publish   homepage: 'https://github.com/rambethina/articles#readme',
21 silly publish   dependencies: { 'unique-random-array': '^1.0.0' },
21 silly publish   readme: '# articles\ncollection of articles\n',
21 silly publish   readmeFilename: 'README.md',
21 silly publish   gitHead: '7ac3e7f15fed25de0fb5b73608143bceecad47e0',
21 silly publish   _id: 'articles@1.0.0',
21 silly publish   _shasum: '50cf400884e928eab18878cdd1ca52251334ea85',
21 silly publish   _from: '.' }
22 verbose getPublishConfig undefined
23 silly mapToRegistry name articles
24 silly mapToRegistry using default registry
25 silly mapToRegistry registry https://registry.npmjs.org/
26 silly mapToRegistry uri https://registry.npmjs.org/articles
27 verbose publish registryBase https://registry.npmjs.org/
28 silly publish uploading /Users/vrbethi/.npm/articles/1.0.0/package.tgz
29 verbose request uri https://registry.npmjs.org/articles
30 verbose request sending authorization for write operation
31 info attempt registry request try #1 at 10:44:56 PM
32 verbose request using bearer token for auth
33 verbose request id 4710c69e9b75b2fc
34 http request PUT https://registry.npmjs.org/articles
35 http 403 https://registry.npmjs.org/articles
36 verbose headers { 'content-type': 'application/json',
36 verbose headers   'cache-control': 'max-age=300',
36 verbose headers   'content-length': '102',
36 verbose headers   'accept-ranges': 'bytes',
36 verbose headers   date: 'Mon, 04 Jul 2016 03:44:53 GMT',
36 verbose headers   via: '1.1 varnish',
36 verbose headers   connection: 'keep-alive',
36 verbose headers   'x-served-by': 'cache-ord1723-ORD',
36 verbose headers   'x-cache': 'MISS',
36 verbose headers   'x-cache-hits': '0',
36 verbose headers   'x-timer': 'S1467603892.638154,VS0,VE432',
36 verbose headers   vary: 'Accept-Encoding' }
37 verbose request invalidating /Users/vrbethi/.npm/registry.npmjs.org/articles on PUT
38 error publish Failed PUT 403
39 verbose stack Error: you do not have permission to publish "articles". Are you logged in as the correct user? : articles
39 verbose stack     at makeError (/usr/local/lib/node_modules/npm/node_modules/npm-registry-client/lib/request.js:264:12)
39 verbose stack     at CachingRegistryClient.<anonymous> (/usr/local/lib/node_modules/npm/node_modules/npm-registry-client/lib/request.js:252:14)
39 verbose stack     at Request._callback (/usr/local/lib/node_modules/npm/node_modules/npm-registry-client/lib/request.js:172:14)
39 verbose stack     at Request.self.callback (/usr/local/lib/node_modules/npm/node_modules/request/request.js:199:22)
39 verbose stack     at emitTwo (events.js:100:13)
39 verbose stack     at Request.emit (events.js:185:7)
39 verbose stack     at Request.<anonymous> (/usr/local/lib/node_modules/npm/node_modules/request/request.js:1036:10)
39 verbose stack     at emitOne (events.js:95:20)
39 verbose stack     at Request.emit (events.js:182:7)
39 verbose stack     at IncomingMessage.<anonymous> (/usr/local/lib/node_modules/npm/node_modules/request/request.js:963:12)
40 verbose statusCode 403
41 verbose pkgid articles
42 verbose cwd /Users/vrbethi/Documents/projects/courses/articles
43 error Darwin 14.5.0
44 error argv "/usr/local/Cellar/node/5.8.0/bin/node" "/usr/local/bin/npm" "publish"
45 error node v5.8.0
46 error npm  v3.7.3
47 error code E403
48 error you do not have permission to publish "articles". Are you logged in as the correct user? : articles
49 error If you need help, you may report this error at:
49 error     <https://github.com/npm/npm/issues>
50 verbose exit [ 1, true ]
